Calculation method: Newton-CG
Computed function: sin(x) - cos(y) + x ^ 2
Start point: [0, 0]
Iterations: 5
Result args: [-0.45018361170559895, 0.0]
Result value: -1.2324655751582156
Execution time (seconds): 0.0005967617034912109

Calculation method: Newton-CG
Computed function: sin(x) - cos(y) + x ^ 2
Start point: [10, 10]
Iterations: 8
Result args: [-0.4501836147149433, 12.5663706267778]
Result value: -1.2324655751582154
Execution time (seconds): 0.0009865760803222656

Calculation method: Newton-CG
Computed function: sin(x) - cos(y) + x ^ 2
Start point: [50, 100]
Iterations: 7
Result args: [-0.450183636935181, 100.5309645918856]
Result value: -1.2324655751581626
Execution time (seconds): 0.0022726058959960938

